<?xml version="1.0" encoding="UTF-8"?>
<testng-results ignored="0" total="1" passed="1" failed="0" skipped="0">
  <reporter-output>
  </reporter-output>
  <suite started-at="2023-10-11T21:13:51 IST" name="Surefire suite" finished-at="2023-10-11T21:14:02 IST" duration-ms="11154">
    <groups>
    </groups>
    <test started-at="2023-10-11T21:13:51 IST" name="Surefire test" finished-at="2023-10-11T21:14:02 IST" duration-ms="11154">
      <class name="Jenkins.JenkinsProject.Testclass">
        <test-method signature="name()[pri:0, instance:Jenkins.JenkinsProject.Testclass@77e9807f]" started-at="2023-10-11T21:13:51 IST" name="name" finished-at="2023-10-11T21:14:02 IST" duration-ms="11100" status="PASS">
          <reporter-output>
          </reporter-output>
        </test-method> <!-- name -->
      </class> <!-- Jenkins.JenkinsProject.Testclass -->
    </test> <!-- Surefire test -->
  </suite> <!-- Surefire suite -->
</testng-results>
