<?xml version="1.0" encoding="UTF-8"?>
<testng-results ignored="0" total="1" passed="1" failed="0" skipped="0">
  <reporter-output>
  </reporter-output>
  <suite started-at="2023-10-11T17:25:43 IST" name="Default suite" finished-at="2023-10-11T17:25:51 IST" duration-ms="8470">
    <groups>
    </groups>
    <test started-at="2023-10-11T17:25:43 IST" name="Default test" finished-at="2023-10-11T17:25:51 IST" duration-ms="8470">
      <class name="Jenkins.JenkinsProject.Testclass">
        <test-method signature="name()[pri:0, instance:Jenkins.JenkinsProject.Testclass@3b6ddd1d]" started-at="2023-10-11T17:25:43 IST" name="name" finished-at="2023-10-11T17:25:51 IST" duration-ms="8421" status="PASS">
          <reporter-output>
          </reporter-output>
        </test-method> <!-- name -->
      </class> <!-- Jenkins.JenkinsProject.Testclass -->
    </test> <!-- Default test -->
  </suite> <!-- Default suite -->
</testng-results>
